<?xml version="1.0" encoding="UTF-8"?>
<testsuite xmlns:xsi="http://www.w3.org/2001/XMLSchema-instance" xsi:noNamespaceSchemaLocation="https://maven.apache.org/surefire/maven-surefire-plugin/xsd/surefire-test-report-3.0.xsd" version="3.0" name="ch.bbw.comparatorchain.CustomerTest" time="0.042" tests="3" errors="0" skipped="0" failures="0">
  <properties>
[...]
</properties>
  <testcase name="testComparatorLaLastNameBirthdate" classname="ch.bbw.comparatorchain.CustomerTest" time="0.013"/>
  <testcase name="testComparatorACLastNameBirthdate" classname="ch.bbw.comparatorchain.CustomerTest" time="0.001"/>
  <testcase name="testComparatorCcLastNameBirthdate" classname="ch.bbw.comparatorchain.CustomerTest" time="0.001"/>
</testsuite>