<?xml version="1.0" encoding="UTF-8"?>
<testsuite xmlns:xsi="http://www.w3.org/2001/XMLSchema-instance" xsi:noNamespaceSchemaLocation="https://maven.apache.org/surefire/maven-surefire-plugin/xsd/surefire-test-report-3.0.xsd" version="3.0" name="ch.bbw.fp.AppTest" time="0.013" tests="6" errors="0" skipped="0" failures="0">
  <properties>
[...]
</properties>
  <testcase name="testReduceAndOptional" classname="ch.bbw.fp.AppTest" time="0.001"/>
  <testcase name="testFilterAndForEach" classname="ch.bbw.fp.AppTest" time="0.0"/>
  <testcase name="testUserClassWithOptionalEmail" classname="ch.bbw.fp.AppTest" time="0.0"/>
  <testcase name="testMapAndCollect" classname="ch.bbw.fp.AppTest" time="0.0"/>
  <testcase name="testMathOperationLambda" classname="ch.bbw.fp.AppTest" time="0.0"/>
  <testcase name="testFlatMapAndMap" classname="ch.bbw.fp.AppTest" time="0.0"/>
</testsuite>